TN:
SF:C:\Users\kento\VScodeProject2\react-drop-aria\index.js
FNF:0
FNH:0
DA:1,0
LF:1
LH:0
BRF:0
BRH:0
end_of_record
TN:
SF:C:\Users\kento\VScodeProject2\react-drop-aria\dist\index.js
FN:1,(anonymous_0)
FN:13,(anonymous_1)
FN:26,_interopRequireDefault
FN:32,_classCallCheck
FN:38,(anonymous_4)
FN:39,defineProperties
FN:49,(anonymous_6)
FN:56,_possibleConstructorReturn
FN:64,_inherits
FN:80,(anonymous_9)
FN:83,FileInput
FN:88,(anonymous_11)
FN:94,(anonymous_12)
FN:111,(anonymous_13)
FN:123,(anonymous_14)
FN:136,(anonymous_15)
FN:154,componentDidMount
FN:161,handleFileSelect
FN:166,render
FN:171,(anonymous_19)
FN:184,onClick
FNF:21
FNH:0
FNDA:0,(anonymous_0)
FNDA:0,(anonymous_1)
FNDA:0,_interopRequireDefault
FNDA:0,_classCallCheck
FNDA:0,(anonymous_4)
FNDA:0,defineProperties
FNDA:0,(anonymous_6)
FNDA:0,_possibleConstructorReturn
FNDA:0,_inherits
FNDA:0,(anonymous_9)
FNDA:0,FileInput
FNDA:0,(anonymous_11)
FNDA:0,(anonymous_12)
FNDA:0,(anonymous_13)
FNDA:0,(anonymous_14)
FNDA:0,(anonymous_15)
FNDA:0,componentDidMount
FNDA:0,handleFileSelect
FNDA:0,render
FNDA:0,(anonymous_19)
FNDA:0,onClick
DA:1,0
DA:2,0
DA:3,0
DA:4,0
DA:5,0
DA:7,0
DA:10,0
DA:11,0
DA:16,0
DA:20,0
DA:22,0
DA:24,0
DA:27,0
DA:33,0
DA:34,0
DA:38,0
DA:40,0
DA:41,0
DA:42,0
DA:43,0
DA:44,0
DA:45,0
DA:49,0
DA:50,0
DA:51,0
DA:52,0
DA:57,0
DA:58,0
DA:61,0
DA:65,0
DA:66,0
DA:69,0
DA:77,0
DA:80,0
DA:81,0
DA:84,0
DA:86,0
DA:88,0
DA:89,0
DA:90,0
DA:92,0
DA:93,0
DA:94,0
DA:95,0
DA:97,0
DA:100,0
DA:102,0
DA:103,0
DA:104,0
DA:107,0
DA:111,0
DA:112,0
DA:114,0
DA:115,0
DA:117,0
DA:119,0
DA:120,0
DA:123,0
DA:124,0
DA:125,0
DA:126,0
DA:127,0
DA:128,0
DA:129,0
DA:130,0
DA:133,0
DA:135,0
DA:136,0
DA:137,0
DA:139,0
DA:140,0
DA:142,0
DA:145,0
DA:148,0
DA:149,0
DA:152,0
DA:155,0
DA:156,0
DA:157,0
DA:162,0
DA:167,0
DA:169,0
DA:171,0
DA:172,0
DA:185,0
DA:191,0
DA:214,0
DA:217,0
DA:225,0
LF:89
LH:0
BRDA:2,0,0,0
BRDA:2,0,1,0
BRDA:2,1,0,0
BRDA:2,1,1,0
BRDA:4,2,0,0
BRDA:4,2,1,0
BRDA:27,3,0,0
BRDA:27,3,1,0
BRDA:27,4,0,0
BRDA:27,4,1,0
BRDA:33,5,0,0
BRDA:33,5,1,0
BRDA:42,6,0,0
BRDA:42,6,1,0
BRDA:44,7,0,0
BRDA:44,7,1,0
BRDA:50,8,0,0
BRDA:50,8,1,0
BRDA:51,9,0,0
BRDA:51,9,1,0
BRDA:57,10,0,0
BRDA:57,10,1,0
BRDA:61,11,0,0
BRDA:61,11,1,0
BRDA:61,12,0,0
BRDA:61,12,1,0
BRDA:61,12,2,0
BRDA:65,13,0,0
BRDA:65,13,1,0
BRDA:65,14,0,0
BRDA:65,14,1,0
BRDA:69,15,0,0
BRDA:69,15,1,0
BRDA:77,16,0,0
BRDA:77,16,1,0
BRDA:77,17,0,0
BRDA:77,17,1,0
BRDA:86,18,0,0
BRDA:86,18,1,0
BRDA:92,19,0,0
BRDA:92,19,1,0
BRDA:114,20,0,0
BRDA:114,20,1,0
BRDA:127,21,0,0
BRDA:127,21,1,0
BRDA:171,22,0,0
BRDA:171,22,1,0
BRDA:193,23,0,0
BRDA:193,23,1,0
BRDA:203,24,0,0
BRDA:203,24,1,0
BRF:51
BRH:0
end_of_record
TN:
SF:C:\Users\kento\VScodeProject2\react-drop-aria\scripts\mocha_runner.js
FN:7,(anonymous_0)
FNF:1
FNH:0
FNDA:0,(anonymous_0)
DA:1,0
DA:3,0
DA:5,0
DA:6,0
DA:7,0
DA:8,0
DA:9,0
DA:10,0
DA:14,0
DA:18,0
DA:20,0
DA:21,0
LF:12
LH:0
BRDA:8,0,0,0
BRDA:8,0,1,0
BRF:2
BRH:0
end_of_record
TN:
SF:C:/Users/kento/VScodeProject2/react-drop-aria/src/tests/index.js
FN:20,(anonymous_3)
FN:22,(anonymous_4)
FN:30,(anonymous_5)
FN:43,(anonymous_7)
FNF:4
FNH:0
FNDA:0,(anonymous_3)
FNDA:0,(anonymous_4)
FNDA:0,(anonymous_5)
FNDA:0,(anonymous_7)
DA:9,1
DA:12,0
DA:13,2
DA:20,0
DA:22,0
DA:24,0
DA:25,0
DA:30,0
DA:31,0
DA:32,0
DA:34,0
DA:43,0
DA:44,0
DA:45,0
LF:14
LH:2
BRF:0
BRH:0
end_of_record
TN:
SF:C:\Users\kento\VScodeProject2\react-drop-aria\stories\index.stories.js
FN:10,(anonymous_0)
FN:13,(anonymous_1)
FN:13,(anonymous_2)
FN:14,(anonymous_3)
FNF:4
FNH:0
FNDA:0,(anonymous_0)
FNDA:0,(anonymous_1)
FNDA:0,(anonymous_2)
FNDA:0,(anonymous_3)
DA:10,0
DA:12,0
DA:13,0
DA:14,0
LF:4
LH:0
BRF:0
BRH:0
end_of_record
